{"F:\\Projects\\Project_Files\\UtilityApp-NestJs\\frontend\\vite-project\\src\\components\\Modal\\CreateModal.jsx": {"path":"F:\\Projects\\Project_Files\\UtilityApp-NestJs\\frontend\\vite-project\\src\\components\\Modal\\CreateModal.jsx","statementMap":{"0":{"start":{"line":6,"column":20},"end":{"line":179,"column":1}},"1":{"start":{"line":7,"column":34},"end":{"line":18,"column":4}},"2":{"start":{"line":20,"column":32},"end":{"line":20,"column":47}},"3":{"start":{"line":22,"column":23},"end":{"line":36,"column":3}},"4":{"start":{"line":23,"column":4},"end":{"line":23,"column":22}},"5":{"start":{"line":24,"column":4},"end":{"line":24,"column":49}},"6":{"start":{"line":26,"column":4},"end":{"line":35,"column":5}},"7":{"start":{"line":27,"column":6},"end":{"line":27,"column":47}},"8":{"start":{"line":28,"column":6},"end":{"line":28,"column":22}},"9":{"start":{"line":29,"column":6},"end":{"line":31,"column":14}},"10":{"start":{"line":30,"column":8},"end":{"line":30,"column":17}},"11":{"start":{"line":33,"column":6},"end":{"line":33,"column":77}},"12":{"start":{"line":34,"column":6},"end":{"line":34,"column":43}},"13":{"start":{"line":38,"column":23},"end":{"line":46,"column":3}},"14":{"start":{"line":39,"column":28},"end":{"line":39,"column":36}},"15":{"start":{"line":40,"column":4},"end":{"line":45,"column":7}},"16":{"start":{"line":40,"column":27},"end":{"line":45,"column":5}},"17":{"start":{"line":48,"column":2},"end":{"line":61,"column":3}},"18":{"start":{"line":49,"column":4},"end":{"line":60,"column":5}},"19":{"start":{"line":63,"column":2},"end":{"line":178,"column":3}}},"fnMap":{"0":{"name":"(anonymous_0)","decl":{"start":{"line":6,"column":20},"end":{"line":6,"column":21}},"loc":{"start":{"line":6,"column":47},"end":{"line":179,"column":1}},"line":6},"1":{"name":"(anonymous_1)","decl":{"start":{"line":22,"column":23},"end":{"line":22,"column":24}},"loc":{"start":{"line":22,"column":36},"end":{"line":36,"column":3}},"line":22},"2":{"name":"(anonymous_2)","decl":{"start":{"line":29,"column":17},"end":{"line":29,"column":18}},"loc":{"start":{"line":29,"column":23},"end":{"line":31,"column":7}},"line":29},"3":{"name":"(anonymous_3)","decl":{"start":{"line":38,"column":23},"end":{"line":38,"column":24}},"loc":{"start":{"line":38,"column":30},"end":{"line":46,"column":3}},"line":38},"4":{"name":"(anonymous_4)","decl":{"start":{"line":40,"column":16},"end":{"line":40,"column":17}},"loc":{"start":{"line":40,"column":27},"end":{"line":45,"column":5}},"line":40}},"branchMap":{"0":{"loc":{"start":{"line":33,"column":38},"end":{"line":33,"column":76}},"type":"binary-expr","locations":[{"start":{"line":33,"column":38},"end":{"line":33,"column":59}},{"start":{"line":33,"column":63},"end":{"line":33,"column":76}}],"line":33},"1":{"loc":{"start":{"line":42,"column":14},"end":{"line":44,"column":15}},"type":"cond-expr","locations":[{"start":{"line":43,"column":10},"end":{"line":43,"column":43}},{"start":{"line":44,"column":10},"end":{"line":44,"column":15}}],"line":42},"2":{"loc":{"start":{"line":43,"column":10},"end":{"line":43,"column":43}},"type":"cond-expr","locations":[{"start":{"line":43,"column":25},"end":{"line":43,"column":27}},{"start":{"line":43,"column":30},"end":{"line":43,"column":43}}],"line":43},"3":{"loc":{"start":{"line":48,"column":2},"end":{"line":61,"column":3}},"type":"if","locations":[{"start":{"line":48,"column":2},"end":{"line":61,"column":3}},{"start":{},"end":{}}],"line":48}},"s":{"0":2,"1":26,"2":26,"3":26,"4":2,"5":2,"6":2,"7":2,"8":2,"9":2,"10":0,"11":0,"12":0,"13":26,"14":20,"15":20,"16":20,"17":26,"18":0,"19":26},"f":{"0":26,"1":2,"2":0,"3":20,"4":20},"b":{"0":[0,0],"1":[6,14],"2":[0,6],"3":[0,26]},"_coverageSchema":"1a1c01bbd47fc00a2c39e90264f33305004495a9","hash":"5294dc2f63ebc8e4f8dff6cc93e0278a33bc96fe"}
,"F:\\Projects\\Project_Files\\UtilityApp-NestJs\\frontend\\vite-project\\src\\components\\Modal\\DeleteModal.jsx": {"path":"F:\\Projects\\Project_Files\\UtilityApp-NestJs\\frontend\\vite-project\\src\\components\\Modal\\DeleteModal.jsx","statementMap":{"0":{"start":{"line":6,"column":20},"end":{"line":117,"column":1}},"1":{"start":{"line":7,"column":38},"end":{"line":7,"column":50}},"2":{"start":{"line":8,"column":34},"end":{"line":8,"column":48}},"3":{"start":{"line":9,"column":32},"end":{"line":9,"column":47}},"4":{"start":{"line":10,"column":32},"end":{"line":10,"column":47}},"5":{"start":{"line":12,"column":23},"end":{"line":31,"column":3}},"6":{"start":{"line":13,"column":4},"end":{"line":16,"column":5}},"7":{"start":{"line":14,"column":6},"end":{"line":14,"column":49}},"8":{"start":{"line":15,"column":6},"end":{"line":15,"column":12}},"9":{"start":{"line":17,"column":4},"end":{"line":29,"column":5}},"10":{"start":{"line":18,"column":6},"end":{"line":18,"column":22}},"11":{"start":{"line":19,"column":23},"end":{"line":19,"column":75}},"12":{"start":{"line":20,"column":6},"end":{"line":20,"column":32}},"13":{"start":{"line":22,"column":6},"end":{"line":26,"column":7}},"14":{"start":{"line":23,"column":8},"end":{"line":23,"column":38}},"15":{"start":{"line":25,"column":8},"end":{"line":25,"column":64}},"16":{"start":{"line":28,"column":6},"end":{"line":28,"column":23}},"17":{"start":{"line":33,"column":23},"end":{"line":52,"column":3}},"18":{"start":{"line":34,"column":4},"end":{"line":34,"column":25}},"19":{"start":{"line":34,"column":19},"end":{"line":34,"column":25}},"20":{"start":{"line":36,"column":4},"end":{"line":51,"column":5}},"21":{"start":{"line":37,"column":6},"end":{"line":49,"column":7}},"22":{"start":{"line":38,"column":8},"end":{"line":38,"column":52}},"23":{"start":{"line":39,"column":8},"end":{"line":39,"column":24}},"24":{"start":{"line":40,"column":8},"end":{"line":42,"column":16}},"25":{"start":{"line":41,"column":10},"end":{"line":41,"column":19}},"26":{"start":{"line":44,"column":8},"end":{"line":48,"column":9}},"27":{"start":{"line":45,"column":10},"end":{"line":45,"column":59}},"28":{"start":{"line":47,"column":10},"end":{"line":47,"column":47}},"29":{"start":{"line":54,"column":2},"end":{"line":65,"column":3}},"30":{"start":{"line":55,"column":4},"end":{"line":64,"column":5}},"31":{"start":{"line":67,"column":2},"end":{"line":116,"column":3}},"32":{"start":{"line":84,"column":33},"end":{"line":84,"column":62}},"33":{"start":{"line":108,"column":37},"end":{"line":108,"column":54}}},"fnMap":{"0":{"name":"(anonymous_0)","decl":{"start":{"line":6,"column":20},"end":{"line":6,"column":21}},"loc":{"start":{"line":6,"column":47},"end":{"line":117,"column":1}},"line":6},"1":{"name":"(anonymous_1)","decl":{"start":{"line":12,"column":23},"end":{"line":12,"column":24}},"loc":{"start":{"line":12,"column":35},"end":{"line":31,"column":3}},"line":12},"2":{"name":"(anonymous_2)","decl":{"start":{"line":33,"column":23},"end":{"line":33,"column":24}},"loc":{"start":{"line":33,"column":35},"end":{"line":52,"column":3}},"line":33},"3":{"name":"(anonymous_3)","decl":{"start":{"line":40,"column":19},"end":{"line":40,"column":20}},"loc":{"start":{"line":40,"column":25},"end":{"line":42,"column":9}},"line":40},"4":{"name":"(anonymous_4)","decl":{"start":{"line":84,"column":26},"end":{"line":84,"column":27}},"loc":{"start":{"line":84,"column":33},"end":{"line":84,"column":62}},"line":84},"5":{"name":"(anonymous_5)","decl":{"start":{"line":108,"column":31},"end":{"line":108,"column":32}},"loc":{"start":{"line":108,"column":37},"end":{"line":108,"column":54}},"line":108}},"branchMap":{"0":{"loc":{"start":{"line":13,"column":4},"end":{"line":16,"column":5}},"type":"if","locations":[{"start":{"line":13,"column":4},"end":{"line":16,"column":5}},{"start":{},"end":{}}],"line":13},"1":{"loc":{"start":{"line":13,"column":8},"end":{"line":13,"column":55}},"type":"binary-expr","locations":[{"start":{"line":13,"column":8},"end":{"line":13,"column":26}},{"start":{"line":13,"column":30},"end":{"line":13,"column":55}}],"line":13},"2":{"loc":{"start":{"line":22,"column":6},"end":{"line":26,"column":7}},"type":"if","locations":[{"start":{"line":22,"column":6},"end":{"line":26,"column":7}},{"start":{"line":24,"column":13},"end":{"line":26,"column":7}}],"line":22},"3":{"loc":{"start":{"line":22,"column":10},"end":{"line":22,"column":53}},"type":"binary-expr","locations":[{"start":{"line":22,"column":10},"end":{"line":22,"column":22}},{"start":{"line":22,"column":26},"end":{"line":22,"column":53}}],"line":22},"4":{"loc":{"start":{"line":34,"column":4},"end":{"line":34,"column":25}},"type":"if","locations":[{"start":{"line":34,"column":4},"end":{"line":34,"column":25}},{"start":{},"end":{}}],"line":34},"5":{"loc":{"start":{"line":36,"column":4},"end":{"line":51,"column":5}},"type":"if","locations":[{"start":{"line":36,"column":4},"end":{"line":51,"column":5}},{"start":{},"end":{}}],"line":36},"6":{"loc":{"start":{"line":44,"column":8},"end":{"line":48,"column":9}},"type":"if","locations":[{"start":{"line":44,"column":8},"end":{"line":48,"column":9}},{"start":{"line":46,"column":15},"end":{"line":48,"column":9}}],"line":44},"7":{"loc":{"start":{"line":44,"column":12},"end":{"line":44,"column":55}},"type":"binary-expr","locations":[{"start":{"line":44,"column":12},"end":{"line":44,"column":24}},{"start":{"line":44,"column":28},"end":{"line":44,"column":55}}],"line":44},"8":{"loc":{"start":{"line":54,"column":2},"end":{"line":65,"column":3}},"type":"if","locations":[{"start":{"line":54,"column":2},"end":{"line":65,"column":3}},{"start":{},"end":{}}],"line":54},"9":{"loc":{"start":{"line":77,"column":9},"end":{"line":113,"column":9}},"type":"cond-expr","locations":[{"start":{"line":78,"column":10},"end":{"line":90,"column":16}},{"start":{"line":92,"column":10},"end":{"line":112,"column":16}}],"line":77},"10":{"loc":{"start":{"line":87,"column":17},"end":{"line":87,"column":57}},"type":"cond-expr","locations":[{"start":{"line":87,"column":27},"end":{"line":87,"column":39}},{"start":{"line":87,"column":42},"end":{"line":87,"column":57}}],"line":87}},"s":{"0":2,"1":7,"2":7,"3":7,"4":7,"5":7,"6":1,"7":0,"8":0,"9":1,"10":1,"11":1,"12":1,"13":0,"14":0,"15":0,"16":1,"17":7,"18":1,"19":0,"20":1,"21":1,"22":1,"23":1,"24":1,"25":0,"26":0,"27":0,"28":0,"29":7,"30":1,"31":6,"32":1,"33":0},"f":{"0":7,"1":1,"2":1,"3":0,"4":1,"5":0},"b":{"0":[0,1],"1":[1,1],"2":[0,0],"3":[0,0],"4":[0,1],"5":[1,0],"6":[0,0],"7":[0,0],"8":[1,6],"9":[5,1],"10":[1,4]},"_coverageSchema":"1a1c01bbd47fc00a2c39e90264f33305004495a9","hash":"94721dc1962166edef3c42fb4fae9f6d503a28d7"}
,"F:\\Projects\\Project_Files\\UtilityApp-NestJs\\frontend\\vite-project\\src\\components\\Modal\\ReadModal.jsx": {"path":"F:\\Projects\\Project_Files\\UtilityApp-NestJs\\frontend\\vite-project\\src\\components\\Modal\\ReadModal.jsx","statementMap":{"0":{"start":{"line":6,"column":18},"end":{"line":145,"column":1}},"1":{"start":{"line":7,"column":38},"end":{"line":7,"column":52}},"2":{"start":{"line":8,"column":40},"end":{"line":8,"column":52}},"3":{"start":{"line":10,"column":23},"end":{"line":37,"column":3}},"4":{"start":{"line":11,"column":4},"end":{"line":36,"column":5}},"5":{"start":{"line":12,"column":6},"end":{"line":12,"column":22}},"6":{"start":{"line":13,"column":6},"end":{"line":13,"column":20}},"7":{"start":{"line":15,"column":6},"end":{"line":20,"column":7}},"8":{"start":{"line":16,"column":25},"end":{"line":16,"column":60}},"9":{"start":{"line":17,"column":8},"end":{"line":17,"column":52}},"10":{"start":{"line":18,"column":8},"end":{"line":18,"column":33}},"11":{"start":{"line":19,"column":8},"end":{"line":19,"column":14}},"12":{"start":{"line":22,"column":6},"end":{"line":22,"column":37}},"13":{"start":{"line":22,"column":31},"end":{"line":22,"column":37}},"14":{"start":{"line":24,"column":6},"end":{"line":30,"column":7}},"15":{"start":{"line":25,"column":28},"end":{"line":25,"column":77}},"16":{"start":{"line":26,"column":8},"end":{"line":26,"column":36}},"17":{"start":{"line":27,"column":13},"end":{"line":30,"column":7}},"18":{"start":{"line":28,"column":25},"end":{"line":28,"column":78}},"19":{"start":{"line":29,"column":8},"end":{"line":29,"column":35}},"20":{"start":{"line":32,"column":6},"end":{"line":32,"column":45}},"21":{"start":{"line":33,"column":6},"end":{"line":33,"column":20}},"22":{"start":{"line":35,"column":6},"end":{"line":35,"column":23}},"23":{"start":{"line":39,"column":2},"end":{"line":64,"column":3}},"24":{"start":{"line":40,"column":4},"end":{"line":63,"column":6}},"25":{"start":{"line":48,"column":79},"end":{"line":48,"column":100}},"26":{"start":{"line":51,"column":79},"end":{"line":51,"column":98}},"27":{"start":{"line":55,"column":14},"end":{"line":55,"column":35}},"28":{"start":{"line":56,"column":14},"end":{"line":56,"column":34}},"29":{"start":{"line":66,"column":2},"end":{"line":144,"column":3}},"30":{"start":{"line":86,"column":33},"end":{"line":86,"column":63}},"31":{"start":{"line":88,"column":37},"end":{"line":88,"column":61}},"32":{"start":{"line":94,"column":12},"end":{"line":94,"column":32}},"33":{"start":{"line":95,"column":12},"end":{"line":95,"column":27}},"34":{"start":{"line":122,"column":20},"end":{"line":135,"column":25}}},"fnMap":{"0":{"name":"(anonymous_0)","decl":{"start":{"line":6,"column":18},"end":{"line":6,"column":19}},"loc":{"start":{"line":6,"column":87},"end":{"line":145,"column":1}},"line":6},"1":{"name":"(anonymous_1)","decl":{"start":{"line":10,"column":23},"end":{"line":10,"column":24}},"loc":{"start":{"line":10,"column":39},"end":{"line":37,"column":3}},"line":10},"2":{"name":"(anonymous_2)","decl":{"start":{"line":48,"column":73},"end":{"line":48,"column":74}},"loc":{"start":{"line":48,"column":79},"end":{"line":48,"column":100}},"line":48},"3":{"name":"(anonymous_3)","decl":{"start":{"line":51,"column":73},"end":{"line":51,"column":74}},"loc":{"start":{"line":51,"column":79},"end":{"line":51,"column":98}},"line":51},"4":{"name":"(anonymous_4)","decl":{"start":{"line":54,"column":73},"end":{"line":54,"column":74}},"loc":{"start":{"line":54,"column":79},"end":{"line":57,"column":13}},"line":54},"5":{"name":"(anonymous_5)","decl":{"start":{"line":86,"column":26},"end":{"line":86,"column":27}},"loc":{"start":{"line":86,"column":33},"end":{"line":86,"column":63}},"line":86},"6":{"name":"(anonymous_6)","decl":{"start":{"line":88,"column":31},"end":{"line":88,"column":32}},"loc":{"start":{"line":88,"column":37},"end":{"line":88,"column":61}},"line":88},"7":{"name":"(anonymous_7)","decl":{"start":{"line":93,"column":27},"end":{"line":93,"column":28}},"loc":{"start":{"line":93,"column":33},"end":{"line":96,"column":11}},"line":93},"8":{"name":"(anonymous_8)","decl":{"start":{"line":121,"column":31},"end":{"line":121,"column":32}},"loc":{"start":{"line":122,"column":20},"end":{"line":135,"column":25}},"line":122}},"branchMap":{"0":{"loc":{"start":{"line":15,"column":6},"end":{"line":20,"column":7}},"type":"if","locations":[{"start":{"line":15,"column":6},"end":{"line":20,"column":7}},{"start":{},"end":{}}],"line":15},"1":{"loc":{"start":{"line":22,"column":6},"end":{"line":22,"column":37}},"type":"if","locations":[{"start":{"line":22,"column":6},"end":{"line":22,"column":37}},{"start":{},"end":{}}],"line":22},"2":{"loc":{"start":{"line":24,"column":6},"end":{"line":30,"column":7}},"type":"if","locations":[{"start":{"line":24,"column":6},"end":{"line":30,"column":7}},{"start":{"line":27,"column":13},"end":{"line":30,"column":7}}],"line":24},"3":{"loc":{"start":{"line":27,"column":13},"end":{"line":30,"column":7}},"type":"if","locations":[{"start":{"line":27,"column":13},"end":{"line":30,"column":7}},{"start":{},"end":{}}],"line":27},"4":{"loc":{"start":{"line":39,"column":2},"end":{"line":64,"column":3}},"type":"if","locations":[{"start":{"line":39,"column":2},"end":{"line":64,"column":3}},{"start":{},"end":{}}],"line":39},"5":{"loc":{"start":{"line":39,"column":6},"end":{"line":39,"column":41}},"type":"binary-expr","locations":[{"start":{"line":39,"column":6},"end":{"line":39,"column":17}},{"start":{"line":39,"column":21},"end":{"line":39,"column":41}}],"line":39},"6":{"loc":{"start":{"line":71,"column":13},"end":{"line":71,"column":54}},"type":"binary-expr","locations":[{"start":{"line":71,"column":13},"end":{"line":71,"column":34}},{"start":{"line":71,"column":38},"end":{"line":71,"column":54}}],"line":71},"7":{"loc":{"start":{"line":72,"column":13},"end":{"line":72,"column":50}},"type":"binary-expr","locations":[{"start":{"line":72,"column":13},"end":{"line":72,"column":32}},{"start":{"line":72,"column":36},"end":{"line":72,"column":50}}],"line":72},"8":{"loc":{"start":{"line":73,"column":13},"end":{"line":73,"column":74}},"type":"binary-expr","locations":[{"start":{"line":73,"column":13},"end":{"line":73,"column":32}},{"start":{"line":73,"column":36},"end":{"line":73,"column":54}},{"start":{"line":73,"column":58},"end":{"line":73,"column":74}}],"line":73},"9":{"loc":{"start":{"line":80,"column":11},"end":{"line":92,"column":11}},"type":"binary-expr","locations":[{"start":{"line":80,"column":11},"end":{"line":80,"column":31}},{"start":{"line":81,"column":12},"end":{"line":91,"column":18}}],"line":80},"10":{"loc":{"start":{"line":83,"column":22},"end":{"line":83,"column":61}},"type":"cond-expr","locations":[{"start":{"line":83,"column":44},"end":{"line":83,"column":52}},{"start":{"line":83,"column":55},"end":{"line":83,"column":61}}],"line":83},"11":{"loc":{"start":{"line":84,"column":29},"end":{"line":84,"column":92}},"type":"cond-expr","locations":[{"start":{"line":84,"column":53},"end":{"line":84,"column":70}},{"start":{"line":84,"column":73},"end":{"line":84,"column":92}}],"line":84},"12":{"loc":{"start":{"line":89,"column":17},"end":{"line":89,"column":52}},"type":"cond-expr","locations":[{"start":{"line":89,"column":27},"end":{"line":89,"column":41}},{"start":{"line":89,"column":44},"end":{"line":89,"column":52}}],"line":89},"13":{"loc":{"start":{"line":101,"column":9},"end":{"line":141,"column":9}},"type":"binary-expr","locations":[{"start":{"line":101,"column":9},"end":{"line":101,"column":27}},{"start":{"line":102,"column":10},"end":{"line":140,"column":16}}],"line":101},"14":{"loc":{"start":{"line":122,"column":29},"end":{"line":122,"column":82}},"type":"binary-expr","locations":[{"start":{"line":122,"column":29},"end":{"line":122,"column":40}},{"start":{"line":122,"column":44},"end":{"line":122,"column":82}}],"line":122},"15":{"loc":{"start":{"line":123,"column":27},"end":{"line":123,"column":49}},"type":"binary-expr","locations":[{"start":{"line":123,"column":27},"end":{"line":123,"column":40}},{"start":{"line":123,"column":44},"end":{"line":123,"column":49}}],"line":123},"16":{"loc":{"start":{"line":124,"column":27},"end":{"line":124,"column":52}},"type":"binary-expr","locations":[{"start":{"line":124,"column":27},"end":{"line":124,"column":43}},{"start":{"line":124,"column":47},"end":{"line":124,"column":52}}],"line":124},"17":{"loc":{"start":{"line":125,"column":27},"end":{"line":125,"column":52}},"type":"binary-expr","locations":[{"start":{"line":125,"column":27},"end":{"line":125,"column":43}},{"start":{"line":125,"column":47},"end":{"line":125,"column":52}}],"line":125},"18":{"loc":{"start":{"line":126,"column":27},"end":{"line":126,"column":58}},"type":"binary-expr","locations":[{"start":{"line":126,"column":27},"end":{"line":126,"column":49}},{"start":{"line":126,"column":53},"end":{"line":126,"column":58}}],"line":126},"19":{"loc":{"start":{"line":127,"column":27},"end":{"line":129,"column":31}},"type":"cond-expr","locations":[{"start":{"line":128,"column":26},"end":{"line":128,"column":97}},{"start":{"line":129,"column":26},"end":{"line":129,"column":31}}],"line":127},"20":{"loc":{"start":{"line":130,"column":27},"end":{"line":130,"column":76}},"type":"binary-expr","locations":[{"start":{"line":130,"column":27},"end":{"line":130,"column":67}},{"start":{"line":130,"column":71},"end":{"line":130,"column":76}}],"line":130},"21":{"loc":{"start":{"line":131,"column":27},"end":{"line":131,"column":49}},"type":"binary-expr","locations":[{"start":{"line":131,"column":27},"end":{"line":131,"column":40}},{"start":{"line":131,"column":44},"end":{"line":131,"column":49}}],"line":131},"22":{"loc":{"start":{"line":132,"column":27},"end":{"line":132,"column":54}},"type":"binary-expr","locations":[{"start":{"line":132,"column":27},"end":{"line":132,"column":45}},{"start":{"line":132,"column":49},"end":{"line":132,"column":54}}],"line":132},"23":{"loc":{"start":{"line":133,"column":27},"end":{"line":133,"column":53}},"type":"binary-expr","locations":[{"start":{"line":133,"column":27},"end":{"line":133,"column":44}},{"start":{"line":133,"column":48},"end":{"line":133,"column":53}}],"line":133},"24":{"loc":{"start":{"line":134,"column":27},"end":{"line":134,"column":57}},"type":"binary-expr","locations":[{"start":{"line":134,"column":27},"end":{"line":134,"column":48}},{"start":{"line":134,"column":52},"end":{"line":134,"column":57}}],"line":134}},"s":{"0":2,"1":28,"2":28,"3":28,"4":6,"5":6,"6":6,"7":6,"8":2,"9":2,"10":2,"11":2,"12":4,"13":0,"14":4,"15":2,"16":2,"17":2,"18":2,"19":2,"20":0,"21":0,"22":6,"23":28,"24":9,"25":3,"26":3,"27":2,"28":2,"29":19,"30":4,"31":4,"32":0,"33":0,"34":6},"f":{"0":28,"1":6,"2":3,"3":3,"4":2,"5":4,"6":4,"7":0,"8":6},"b":{"0":[2,4],"1":[0,4],"2":[2,2],"3":[2,0],"4":[9,19],"5":[28,10],"6":[19,7],"7":[19,8],"8":[19,1,1],"9":[19,16],"10":[8,8],"11":[7,9],"12":[1,15],"13":[19,6],"14":[6,2],"15":[6,1],"16":[6,1],"17":[6,1],"18":[6,1],"19":[5,1],"20":[6,1],"21":[6,1],"22":[6,1],"23":[6,1],"24":[6,1]},"_coverageSchema":"1a1c01bbd47fc00a2c39e90264f33305004495a9","hash":"104f99ddb9654871f478a85b1a06e7b1e5d1ba02"}
,"F:\\Projects\\Project_Files\\UtilityApp-NestJs\\frontend\\vite-project\\src\\components\\Modal\\UpdateModal.jsx": {"path":"F:\\Projects\\Project_Files\\UtilityApp-NestJs\\frontend\\vite-project\\src\\components\\Modal\\UpdateModal.jsx","statementMap":{"0":{"start":{"line":6,"column":20},"end":{"line":209,"column":1}},"1":{"start":{"line":7,"column":38},"end":{"line":7,"column":50}},"2":{"start":{"line":8,"column":34},"end":{"line":8,"column":48}},"3":{"start":{"line":9,"column":34},"end":{"line":9,"column":48}},"4":{"start":{"line":10,"column":32},"end":{"line":10,"column":47}},"5":{"start":{"line":11,"column":32},"end":{"line":11,"column":47}},"6":{"start":{"line":13,"column":23},"end":{"line":37,"column":3}},"7":{"start":{"line":14,"column":4},"end":{"line":14,"column":34}},"8":{"start":{"line":14,"column":28},"end":{"line":14,"column":34}},"9":{"start":{"line":16,"column":4},"end":{"line":36,"column":5}},"10":{"start":{"line":17,"column":6},"end":{"line":17,"column":22}},"11":{"start":{"line":18,"column":19},"end":{"line":18,"column":71}},"12":{"start":{"line":19,"column":6},"end":{"line":19,"column":52}},"13":{"start":{"line":20,"column":6},"end":{"line":31,"column":8}},"14":{"start":{"line":33,"column":6},"end":{"line":33,"column":36}},"15":{"start":{"line":35,"column":6},"end":{"line":35,"column":23}},"16":{"start":{"line":39,"column":23},"end":{"line":47,"column":3}},"17":{"start":{"line":40,"column":28},"end":{"line":40,"column":36}},"18":{"start":{"line":41,"column":4},"end":{"line":46,"column":7}},"19":{"start":{"line":41,"column":27},"end":{"line":46,"column":5}},"20":{"start":{"line":49,"column":23},"end":{"line":63,"column":3}},"21":{"start":{"line":50,"column":4},"end":{"line":50,"column":22}},"22":{"start":{"line":51,"column":4},"end":{"line":51,"column":38}},"23":{"start":{"line":51,"column":32},"end":{"line":51,"column":38}},"24":{"start":{"line":53,"column":4},"end":{"line":62,"column":5}},"25":{"start":{"line":54,"column":6},"end":{"line":54,"column":56}},"26":{"start":{"line":55,"column":6},"end":{"line":55,"column":60}},"27":{"start":{"line":56,"column":6},"end":{"line":56,"column":22}},"28":{"start":{"line":57,"column":6},"end":{"line":59,"column":14}},"29":{"start":{"line":58,"column":8},"end":{"line":58,"column":17}},"30":{"start":{"line":61,"column":6},"end":{"line":61,"column":43}},"31":{"start":{"line":65,"column":2},"end":{"line":76,"column":3}},"32":{"start":{"line":66,"column":4},"end":{"line":75,"column":5}},"33":{"start":{"line":78,"column":2},"end":{"line":208,"column":3}},"34":{"start":{"line":93,"column":33},"end":{"line":93,"column":62}}},"fnMap":{"0":{"name":"(anonymous_0)","decl":{"start":{"line":6,"column":20},"end":{"line":6,"column":21}},"loc":{"start":{"line":6,"column":47},"end":{"line":209,"column":1}},"line":6},"1":{"name":"(anonymous_1)","decl":{"start":{"line":13,"column":23},"end":{"line":13,"column":24}},"loc":{"start":{"line":13,"column":35},"end":{"line":37,"column":3}},"line":13},"2":{"name":"(anonymous_2)","decl":{"start":{"line":39,"column":23},"end":{"line":39,"column":24}},"loc":{"start":{"line":39,"column":30},"end":{"line":47,"column":3}},"line":39},"3":{"name":"(anonymous_3)","decl":{"start":{"line":41,"column":16},"end":{"line":41,"column":17}},"loc":{"start":{"line":41,"column":27},"end":{"line":46,"column":5}},"line":41},"4":{"name":"(anonymous_4)","decl":{"start":{"line":49,"column":23},"end":{"line":49,"column":24}},"loc":{"start":{"line":49,"column":36},"end":{"line":63,"column":3}},"line":49},"5":{"name":"(anonymous_5)","decl":{"start":{"line":57,"column":17},"end":{"line":57,"column":18}},"loc":{"start":{"line":57,"column":23},"end":{"line":59,"column":7}},"line":57},"6":{"name":"(anonymous_6)","decl":{"start":{"line":93,"column":26},"end":{"line":93,"column":27}},"loc":{"start":{"line":93,"column":33},"end":{"line":93,"column":62}},"line":93}},"branchMap":{"0":{"loc":{"start":{"line":14,"column":4},"end":{"line":14,"column":34}},"type":"if","locations":[{"start":{"line":14,"column":4},"end":{"line":14,"column":34}},{"start":{},"end":{}}],"line":14},"1":{"loc":{"start":{"line":21,"column":14},"end":{"line":21,"column":29}},"type":"binary-expr","locations":[{"start":{"line":21,"column":14},"end":{"line":21,"column":23}},{"start":{"line":21,"column":27},"end":{"line":21,"column":29}}],"line":21},"2":{"loc":{"start":{"line":22,"column":17},"end":{"line":22,"column":35}},"type":"binary-expr","locations":[{"start":{"line":22,"column":17},"end":{"line":22,"column":29}},{"start":{"line":22,"column":33},"end":{"line":22,"column":35}}],"line":22},"3":{"loc":{"start":{"line":23,"column":17},"end":{"line":23,"column":35}},"type":"binary-expr","locations":[{"start":{"line":23,"column":17},"end":{"line":23,"column":29}},{"start":{"line":23,"column":33},"end":{"line":23,"column":35}}],"line":23},"4":{"loc":{"start":{"line":24,"column":23},"end":{"line":24,"column":52}},"type":"binary-expr","locations":[{"start":{"line":24,"column":23},"end":{"line":24,"column":41}},{"start":{"line":24,"column":45},"end":{"line":24,"column":52}}],"line":24},"5":{"loc":{"start":{"line":25,"column":15},"end":{"line":25,"column":31}},"type":"binary-expr","locations":[{"start":{"line":25,"column":15},"end":{"line":25,"column":25}},{"start":{"line":25,"column":29},"end":{"line":25,"column":31}}],"line":25},"6":{"loc":{"start":{"line":26,"column":21},"end":{"line":26,"column":43}},"type":"binary-expr","locations":[{"start":{"line":26,"column":21},"end":{"line":26,"column":37}},{"start":{"line":26,"column":41},"end":{"line":26,"column":43}}],"line":26},"7":{"loc":{"start":{"line":27,"column":14},"end":{"line":27,"column":29}},"type":"binary-expr","locations":[{"start":{"line":27,"column":14},"end":{"line":27,"column":23}},{"start":{"line":27,"column":27},"end":{"line":27,"column":29}}],"line":27},"8":{"loc":{"start":{"line":28,"column":19},"end":{"line":28,"column":39}},"type":"binary-expr","locations":[{"start":{"line":28,"column":19},"end":{"line":28,"column":33}},{"start":{"line":28,"column":37},"end":{"line":28,"column":39}}],"line":28},"9":{"loc":{"start":{"line":29,"column":18},"end":{"line":29,"column":37}},"type":"binary-expr","locations":[{"start":{"line":29,"column":18},"end":{"line":29,"column":31}},{"start":{"line":29,"column":35},"end":{"line":29,"column":37}}],"line":29},"10":{"loc":{"start":{"line":30,"column":22},"end":{"line":30,"column":49}},"type":"binary-expr","locations":[{"start":{"line":30,"column":22},"end":{"line":30,"column":39}},{"start":{"line":30,"column":43},"end":{"line":30,"column":49}}],"line":30},"11":{"loc":{"start":{"line":43,"column":14},"end":{"line":45,"column":15}},"type":"cond-expr","locations":[{"start":{"line":44,"column":10},"end":{"line":44,"column":43}},{"start":{"line":45,"column":10},"end":{"line":45,"column":15}}],"line":43},"12":{"loc":{"start":{"line":44,"column":10},"end":{"line":44,"column":43}},"type":"cond-expr","locations":[{"start":{"line":44,"column":25},"end":{"line":44,"column":27}},{"start":{"line":44,"column":30},"end":{"line":44,"column":43}}],"line":44},"13":{"loc":{"start":{"line":51,"column":4},"end":{"line":51,"column":38}},"type":"if","locations":[{"start":{"line":51,"column":4},"end":{"line":51,"column":38}},{"start":{},"end":{}}],"line":51},"14":{"loc":{"start":{"line":51,"column":8},"end":{"line":51,"column":30}},"type":"binary-expr","locations":[{"start":{"line":51,"column":8},"end":{"line":51,"column":17}},{"start":{"line":51,"column":21},"end":{"line":51,"column":30}}],"line":51},"15":{"loc":{"start":{"line":65,"column":2},"end":{"line":76,"column":3}},"type":"if","locations":[{"start":{"line":65,"column":2},"end":{"line":76,"column":3}},{"start":{},"end":{}}],"line":65},"16":{"loc":{"start":{"line":86,"column":9},"end":{"line":205,"column":9}},"type":"cond-expr","locations":[{"start":{"line":87,"column":10},"end":{"line":99,"column":16}},{"start":{"line":101,"column":10},"end":{"line":204,"column":17}}],"line":86},"17":{"loc":{"start":{"line":96,"column":17},"end":{"line":96,"column":57}},"type":"cond-expr","locations":[{"start":{"line":96,"column":27},"end":{"line":96,"column":39}},{"start":{"line":96,"column":42},"end":{"line":96,"column":57}}],"line":96}},"s":{"0":2,"1":21,"2":21,"3":21,"4":21,"5":21,"6":21,"7":4,"8":0,"9":4,"10":4,"11":4,"12":4,"13":4,"14":0,"15":4,"16":21,"17":3,"18":3,"19":3,"20":21,"21":2,"22":2,"23":0,"24":2,"25":2,"26":2,"27":2,"28":2,"29":0,"30":0,"31":21,"32":0,"33":21,"34":4},"f":{"0":21,"1":4,"2":3,"3":3,"4":2,"5":0,"6":4},"b":{"0":[0,4],"1":[4,0],"2":[4,0],"3":[4,0],"4":[4,0],"5":[4,0],"6":[4,0],"7":[4,0],"8":[4,0],"9":[4,0],"10":[4,0],"11":[0,3],"12":[0,0],"13":[0,2],"14":[2,2],"15":[0,21],"16":[14,7],"17":[4,10]},"_coverageSchema":"1a1c01bbd47fc00a2c39e90264f33305004495a9","hash":"85c5e4521ab95f8fe60de360d9a9ee3c1875b9c7"}
,"F:\\Projects\\Project_Files\\UtilityApp-NestJs\\frontend\\vite-project\\src\\components\\Service\\ApiService.js": {"path":"F:\\Projects\\Project_Files\\UtilityApp-NestJs\\frontend\\vite-project\\src\\components\\Service\\ApiService.js","statementMap":{"0":{"start":{"line":3,"column":17},"end":{"line":3,"column":40}},"1":{"start":{"line":5,"column":19},"end":{"line":17,"column":1}},"2":{"start":{"line":7,"column":30},"end":{"line":7,"column":72}},"3":{"start":{"line":8,"column":28},"end":{"line":8,"column":63}},"4":{"start":{"line":9,"column":29},"end":{"line":9,"column":70}},"5":{"start":{"line":10,"column":35},"end":{"line":10,"column":83}},"6":{"start":{"line":11,"column":34},"end":{"line":11,"column":81}},"7":{"start":{"line":12,"column":28},"end":{"line":12,"column":72}},"8":{"start":{"line":15,"column":32},"end":{"line":15,"column":66}},"9":{"start":{"line":16,"column":30},"end":{"line":16,"column":65}}},"fnMap":{"0":{"name":"(anonymous_0)","decl":{"start":{"line":7,"column":20},"end":{"line":7,"column":21}},"loc":{"start":{"line":7,"column":30},"end":{"line":7,"column":72}},"line":7},"1":{"name":"(anonymous_1)","decl":{"start":{"line":8,"column":22},"end":{"line":8,"column":23}},"loc":{"start":{"line":8,"column":28},"end":{"line":8,"column":63}},"line":8},"2":{"name":"(anonymous_2)","decl":{"start":{"line":9,"column":21},"end":{"line":9,"column":22}},"loc":{"start":{"line":9,"column":29},"end":{"line":9,"column":70}},"line":9},"3":{"name":"(anonymous_3)","decl":{"start":{"line":10,"column":25},"end":{"line":10,"column":26}},"loc":{"start":{"line":10,"column":35},"end":{"line":10,"column":83}},"line":10},"4":{"name":"(anonymous_4)","decl":{"start":{"line":11,"column":20},"end":{"line":11,"column":21}},"loc":{"start":{"line":11,"column":34},"end":{"line":11,"column":81}},"line":11},"5":{"name":"(anonymous_5)","decl":{"start":{"line":12,"column":20},"end":{"line":12,"column":21}},"loc":{"start":{"line":12,"column":28},"end":{"line":12,"column":72}},"line":12},"6":{"name":"(anonymous_6)","decl":{"start":{"line":15,"column":26},"end":{"line":15,"column":27}},"loc":{"start":{"line":15,"column":32},"end":{"line":15,"column":66}},"line":15},"7":{"name":"(anonymous_7)","decl":{"start":{"line":16,"column":24},"end":{"line":16,"column":25}},"loc":{"start":{"line":16,"column":30},"end":{"line":16,"column":65}},"line":16}},"branchMap":{},"s":{"0":4,"1":4,"2":0,"3":0,"4":0,"5":0,"6":0,"7":0,"8":0,"9":0},"f":{"0":0,"1":0,"2":0,"3":0,"4":0,"5":0,"6":0,"7":0},"b":{},"_coverageSchema":"1a1c01bbd47fc00a2c39e90264f33305004495a9","hash":"335457d6c08bfb0355801ac78739995ddb9dd562"}
}
