TN:
SF:src\components\Modal\CreateModal.jsx
FN:6,(anonymous_0)
FN:22,(anonymous_1)
FN:29,(anonymous_2)
FN:38,(anonymous_3)
FN:40,(anonymous_4)
FNF:5
FNH:4
FNDA:26,(anonymous_0)
FNDA:2,(anonymous_1)
FNDA:0,(anonymous_2)
FNDA:20,(anonymous_3)
FNDA:20,(anonymous_4)
DA:6,2
DA:7,26
DA:20,26
DA:22,26
DA:23,2
DA:24,2
DA:26,2
DA:27,2
DA:28,2
DA:29,2
DA:30,0
DA:33,0
DA:34,0
DA:38,26
DA:39,20
DA:40,20
DA:48,26
DA:49,0
DA:63,26
LF:19
LH:15
BRDA:33,0,0,0
BRDA:33,0,1,0
BRDA:42,1,0,6
BRDA:42,1,1,14
BRDA:43,2,0,0
BRDA:43,2,1,6
BRDA:48,3,0,0
BRDA:48,3,1,26
BRF:8
BRH:4
end_of_record
TN:
SF:src\components\Modal\DeleteModal.jsx
FN:6,(anonymous_0)
FN:12,(anonymous_1)
FN:33,(anonymous_2)
FN:40,(anonymous_3)
FN:84,(anonymous_4)
FN:108,(anonymous_5)
FNF:6
FNH:4
FNDA:7,(anonymous_0)
FNDA:1,(anonymous_1)
FNDA:1,(anonymous_2)
FNDA:0,(anonymous_3)
FNDA:1,(anonymous_4)
FNDA:0,(anonymous_5)
DA:6,2
DA:7,7
DA:8,7
DA:9,7
DA:10,7
DA:12,7
DA:13,1
DA:14,0
DA:15,0
DA:17,1
DA:18,1
DA:19,1
DA:20,1
DA:22,0
DA:23,0
DA:25,0
DA:28,1
DA:33,7
DA:34,1
DA:36,1
DA:37,1
DA:38,1
DA:39,1
DA:40,1
DA:41,0
DA:44,0
DA:45,0
DA:47,0
DA:54,7
DA:55,1
DA:67,6
DA:84,1
DA:108,0
LF:33
LH:23
BRDA:13,0,0,0
BRDA:13,0,1,1
BRDA:13,1,0,1
BRDA:13,1,1,1
BRDA:22,2,0,0
BRDA:22,2,1,0
BRDA:22,3,0,0
BRDA:22,3,1,0
BRDA:34,4,0,0
BRDA:34,4,1,1
BRDA:36,5,0,1
BRDA:36,5,1,0
BRDA:44,6,0,0
BRDA:44,6,1,0
BRDA:44,7,0,0
BRDA:44,7,1,0
BRDA:54,8,0,1
BRDA:54,8,1,6
BRDA:77,9,0,5
BRDA:77,9,1,1
BRDA:87,10,0,1
BRDA:87,10,1,4
BRF:22
BRH:11
end_of_record
TN:
SF:src\components\Modal\ReadModal.jsx
FN:6,(anonymous_0)
FN:10,(anonymous_1)
FN:48,(anonymous_2)
FN:51,(anonymous_3)
FN:54,(anonymous_4)
FN:86,(anonymous_5)
FN:88,(anonymous_6)
FN:93,(anonymous_7)
FN:121,(anonymous_8)
FNF:9
FNH:8
FNDA:28,(anonymous_0)
FNDA:6,(anonymous_1)
FNDA:3,(anonymous_2)
FNDA:3,(anonymous_3)
FNDA:2,(anonymous_4)
FNDA:4,(anonymous_5)
FNDA:4,(anonymous_6)
FNDA:0,(anonymous_7)
FNDA:6,(anonymous_8)
DA:6,2
DA:7,28
DA:8,28
DA:10,28
DA:11,6
DA:12,6
DA:13,6
DA:15,6
DA:16,2
DA:17,2
DA:18,2
DA:19,2
DA:22,4
DA:24,4
DA:25,2
DA:26,2
DA:27,2
DA:28,2
DA:29,2
DA:32,0
DA:33,0
DA:35,6
DA:39,28
DA:40,9
DA:48,3
DA:51,3
DA:55,2
DA:56,2
DA:66,19
DA:86,4
DA:88,4
DA:94,0
DA:95,0
DA:122,6
LF:34
LH:30
BRDA:15,0,0,2
BRDA:15,0,1,4
BRDA:22,1,0,0
BRDA:22,1,1,4
BRDA:24,2,0,2
BRDA:24,2,1,2
BRDA:27,3,0,2
BRDA:27,3,1,0
BRDA:39,4,0,9
BRDA:39,4,1,19
BRDA:39,5,0,28
BRDA:39,5,1,10
BRDA:71,6,0,19
BRDA:71,6,1,7
BRDA:72,7,0,19
BRDA:72,7,1,8
BRDA:73,8,0,19
BRDA:73,8,1,1
BRDA:73,8,2,1
BRDA:80,9,0,19
BRDA:80,9,1,16
BRDA:83,10,0,8
BRDA:83,10,1,8
BRDA:84,11,0,7
BRDA:84,11,1,9
BRDA:89,12,0,1
BRDA:89,12,1,15
BRDA:101,13,0,19
BRDA:101,13,1,6
BRDA:122,14,0,6
BRDA:122,14,1,2
BRDA:123,15,0,6
BRDA:123,15,1,1
BRDA:124,16,0,6
BRDA:124,16,1,1
BRDA:125,17,0,6
BRDA:125,17,1,1
BRDA:126,18,0,6
BRDA:126,18,1,1
BRDA:127,19,0,5
BRDA:127,19,1,1
BRDA:130,20,0,6
BRDA:130,20,1,1
BRDA:131,21,0,6
BRDA:131,21,1,1
BRDA:132,22,0,6
BRDA:132,22,1,1
BRDA:133,23,0,6
BRDA:133,23,1,1
BRDA:134,24,0,6
BRDA:134,24,1,1
BRF:51
BRH:49
end_of_record
TN:
SF:src\components\Modal\UpdateModal.jsx
FN:6,(anonymous_0)
FN:13,(anonymous_1)
FN:39,(anonymous_2)
FN:41,(anonymous_3)
FN:49,(anonymous_4)
FN:57,(anonymous_5)
FN:93,(anonymous_6)
FNF:7
FNH:6
FNDA:21,(anonymous_0)
FNDA:4,(anonymous_1)
FNDA:3,(anonymous_2)
FNDA:3,(anonymous_3)
FNDA:2,(anonymous_4)
FNDA:0,(anonymous_5)
FNDA:4,(anonymous_6)
DA:6,2
DA:7,21
DA:8,21
DA:9,21
DA:10,21
DA:11,21
DA:13,21
DA:14,4
DA:16,4
DA:17,4
DA:18,4
DA:19,4
DA:20,4
DA:33,0
DA:35,4
DA:39,21
DA:40,3
DA:41,3
DA:49,21
DA:50,2
DA:51,2
DA:53,2
DA:54,2
DA:55,2
DA:56,2
DA:57,2
DA:58,0
DA:61,0
DA:65,21
DA:66,0
DA:78,21
DA:93,4
LF:32
LH:28
BRDA:14,0,0,0
BRDA:14,0,1,4
BRDA:21,1,0,4
BRDA:21,1,1,0
BRDA:22,2,0,4
BRDA:22,2,1,0
BRDA:23,3,0,4
BRDA:23,3,1,0
BRDA:24,4,0,4
BRDA:24,4,1,0
BRDA:25,5,0,4
BRDA:25,5,1,0
BRDA:26,6,0,4
BRDA:26,6,1,0
BRDA:27,7,0,4
BRDA:27,7,1,0
BRDA:28,8,0,4
BRDA:28,8,1,0
BRDA:29,9,0,4
BRDA:29,9,1,0
BRDA:30,10,0,4
BRDA:30,10,1,0
BRDA:43,11,0,0
BRDA:43,11,1,3
BRDA:44,12,0,0
BRDA:44,12,1,0
BRDA:51,13,0,0
BRDA:51,13,1,2
BRDA:51,14,0,2
BRDA:51,14,1,2
BRDA:65,15,0,0
BRDA:65,15,1,21
BRDA:86,16,0,14
BRDA:86,16,1,7
BRDA:96,17,0,4
BRDA:96,17,1,10
BRF:36
BRH:20
end_of_record
TN:
SF:src\components\Service\ApiService.js
FN:7,(anonymous_0)
FN:8,(anonymous_1)
FN:9,(anonymous_2)
FN:10,(anonymous_3)
FN:11,(anonymous_4)
FN:12,(anonymous_5)
FN:15,(anonymous_6)
FN:16,(anonymous_7)
FNF:8
FNH:0
FNDA:0,(anonymous_0)
FNDA:0,(anonymous_1)
FNDA:0,(anonymous_2)
FNDA:0,(anonymous_3)
FNDA:0,(anonymous_4)
FNDA:0,(anonymous_5)
FNDA:0,(anonymous_6)
FNDA:0,(anonymous_7)
DA:3,4
DA:5,4
DA:7,0
DA:8,0
DA:9,0
DA:10,0
DA:11,0
DA:12,0
DA:15,0
DA:16,0
LF:10
LH:2
BRF:0
BRH:0
end_of_record
